<?xml version="1.0" encoding="UTF-8"?>
<!-- Generated by org.testng.reporters.JUnitReportReporter -->
<testsuite hostname="Brunos-MacBook-Air.local" failures="0" tests="1" name="com.test.selenium.four.test.ChapterElementPosition" time="0.627" errors="0" timestamp="2022-03-16T19:10:14 BRT" skipped="0">
  <testcase classname="com.test.selenium.four.test.ChapterElementPosition" name="getPositionDimension" time="0.627"/>
  <system-out/>
</testsuite> <!-- com.test.selenium.four.test.ChapterElementPosition -->
