<?xml version="1.0" encoding="UTF-8"?>
<!-- Generated by org.testng.reporters.JUnitReportReporter -->
<testsuite hostname="Brunos-MacBook-Air.local" failures="0" tests="1" name="com.test.selenium.four.test.ChapterConsoleLogs" time="2.197" errors="0" timestamp="2022-03-18T14:08:32 BRT" skipped="0">
  <testcase classname="com.test.selenium.four.test.ChapterConsoleLogs" name="viewBrowserConsoleLogs" time="2.197"/>
  <system-out/>
</testsuite> <!-- com.test.selenium.four.test.ChapterConsoleLogs -->
