<?xml version="1.0" encoding="UTF-8"?>
<!-- Generated by org.testng.reporters.JUnitReportReporter -->
<testsuite hostname="Brunos-MacBook-Air.local" failures="0" tests="1" name="com.test.selenium.four.test.ChapterWindowAndTabManagement" time="15.381" errors="0" timestamp="2022-03-16T11:24:10 BRT" skipped="0">
  <testcase classname="com.test.selenium.four.test.ChapterWindowAndTabManagement" name="testWorkingInBothWidnowTabs" time="15.381"/>
  <system-out/>
</testsuite> <!-- com.test.selenium.four.test.ChapterWindowAndTabManagement -->
