<?xml version="1.0" encoding="UTF-8"?>
<!-- Generated by org.testng.reporters.JUnitReportReporter -->
<testsuite hostname="Brunos-MacBook-Air.local" failures="0" tests="2" name="com.test.selenium.four.test.ChapterScreenshots" time="18.162" errors="0" timestamp="2022-03-16T21:47:31 BRT" skipped="0">
  <testcase classname="com.test.selenium.four.test.ChapterScreenshots" name="takeWebElementScreenshot" time="6.768"/>
  <system-out/>
  <testcase classname="com.test.selenium.four.test.ChapterScreenshots" name="takeWebElementPageSectionScreenshot" time="11.394"/>
  <system-out/>
</testsuite> <!-- com.test.selenium.four.test.ChapterScreenshots -->
