<?xml version="1.0" encoding="UTF-8"?>
<!-- Generated by org.testng.reporters.JUnitReportReporter -->
<testsuite hostname="Brunos-MacBook-Air.local" failures="0" tests="1" name="com.test.selenium.four.test.ChapterRelativeLocators" time="9.476" errors="0" timestamp="2022-03-14T14:44:16 BRT" skipped="0">
  <testcase classname="com.test.selenium.four.test.ChapterRelativeLocators" name="testRelativeLocator" time="9.476"/>
  <system-out/>
</testsuite> <!-- com.test.selenium.four.test.ChapterRelativeLocators -->
