<?xml version="1.0" encoding="UTF-8"?>
<!-- Generated by org.testng.reporters.JUnitReportReporter -->
<testsuite hostname="Brunos-MacBook-Air.local" failures="0" tests="1" name="com.test.selenium.four.test.ChapterGeolocation" time="11.283" errors="0" timestamp="2022-03-18T21:26:27 BRT" skipped="0">
  <testcase classname="com.test.selenium.four.test.ChapterGeolocation" name="mockGeoLeocation" time="11.283"/>
  <system-out/>
</testsuite> <!-- com.test.selenium.four.test.ChapterGeolocation -->
